<?xml version="1.0" encoding="UTF-8"?>
<!-- Generated by org.testng.reporters.JUnitXMLReporter -->
<testsuite ignored="0" hostname="LAPTOP-LA6NMLRJ" failures="0" tests="4" name="Test" time="40.146" errors="0" timestamp="2020-09-28T15:05:15 IST">
  <testcase classname="Academy.EtoEProject.HomePage" name="@BeforeTest initialize" time="14.207">
    <failure type="org.openqa.selenium.SessionNotCreatedException" message="session not created
from chrome not reachable
  (Session info: chrome=85.0.4183.121)
Build info: version: &amp;apos;3.141.59&amp;apos;, revision: &amp;apos;e82be7d358&amp;apos;, time: &amp;apos;2018-11-14T08:17:03&amp;apos;
System info: host: &amp;apos;LAPTOP-LA6NMLRJ&amp;apos;, ip: &amp;apos;192.168.43.30&amp;apos;, os.name: &amp;apos;Windows 10&amp;apos;, os.arch: &amp;apos;amd64&amp;apos;, os.version: &amp;apos;10.0&amp;apos;, java.version: &amp;apos;14.0.2&amp;apos;
Driver info: driver.version: ChromeDriver
remote stacktrace: Backtrace:
	Ordinal0 [0x003187E3+2852835]
	Ordinal0 [0x00205BB1+1727409]
	Ordinal0 [0x000DE362+516962]
	Ordinal0 [0x000D7D82+490882]
	Ordinal0 [0x000D846B+492651]
	Ordinal0 [0x000D93C5+496581]
	Ordinal0 [0x000D4D64+478564]
	Ordinal0 [0x000DF300+520960]
	Ordinal0 [0x0008E489+189577]
	Ordinal0 [0x0008D7FD+186365]
	Ordinal0 [0x0008B70B+177931]
	Ordinal0 [0x00072584+75140]
	Ordinal0 [0x00073650+79440]
	Ordinal0 [0x000735E9+79337]
	Ordinal0 [0x0021AD5C+1813852]
	GetHandleVerifier [0x0043C616+1075574]
	GetHandleVerifier [0x0043C367+1074887]
	GetHandleVerifier [0x00447497+1120247]
	GetHandleVerifier [0x0043CC16+1077110]
	Ordinal0 [0x00213206+1782278]
	Ordinal0 [0x0021C3BB+1819579]
	Ordinal0 [0x0021C523+1819939]
	Ordinal0 [0x00232B45+1911621]
	BaseThreadInitThunk [0x77166359+25]
	RtlGetAppContainerNamedObjectPath [0x772B7C24+228]
	RtlGetAppContainerNamedObjectPath [0x772B7BF4+180]
	(No symbol) [0x00000000]
">
      <![CDATA[org.openqa.selenium.SessionNotCreatedException: session not created
from chrome not reachable
  (Session info: chrome=85.0.4183.121)
Build info: version: '3.141.59', revision: 'e82be7d358', time: '2018-11-14T08:17:03'
System info: host: 'LAPTOP-LA6NMLRJ', ip: '192.168.43.30', os.name: 'Windows 10', os.arch: 'amd64', os.version: '10.0', java.version: '14.0.2'
Driver info: driver.version: ChromeDriver
remote stacktrace: Backtrace:
Ordinal0 [0x003187E3+2852835]
Ordinal0 [0x00205BB1+1727409]
Ordinal0 [0x000DE362+516962]
Ordinal0 [0x000D7D82+490882]
Ordinal0 [0x000D846B+492651]
Ordinal0 [0x000D93C5+496581]
Ordinal0 [0x000D4D64+478564]
Ordinal0 [0x000DF300+520960]
Ordinal0 [0x0008E489+189577]
Ordinal0 [0x0008D7FD+186365]
Ordinal0 [0x0008B70B+177931]
Ordinal0 [0x00072584+75140]
Ordinal0 [0x00073650+79440]
Ordinal0 [0x000735E9+79337]
Ordinal0 [0x0021AD5C+1813852]
GetHandleVerifier [0x0043C616+1075574]
GetHandleVerifier [0x0043C367+1074887]
GetHandleVerifier [0x00447497+1120247]
GetHandleVerifier [0x0043CC16+1077110]
Ordinal0 [0x00213206+1782278]
Ordinal0 [0x0021C3BB+1819579]
Ordinal0 [0x0021C523+1819939]
Ordinal0 [0x00232B45+1911621]
BaseThreadInitThunk [0x77166359+25]
RtlGetAppContainerNamedObjectPath [0x772B7C24+228]
RtlGetAppContainerNamedObjectPath [0x772B7BF4+180]
(No symbol) [0x00000000]

at org.openqa.selenium.remote.W3CHandshakeResponse.lambda$errorHandler$0(W3CHandshakeResponse.java:62)
at org.openqa.selenium.remote.HandshakeResponse.lambda$getResponseFunction$0(HandshakeResponse.java:30)
at org.openqa.selenium.remote.ProtocolHandshake.lambda$createSession$0(ProtocolHandshake.java:126)
at java.base/java.util.stream.ReferencePipeline$3$1.accept(ReferencePipeline.java:195)
at java.base/java.util.Spliterators$ArraySpliterator.tryAdvance(Spliterators.java:958)
at java.base/java.util.stream.ReferencePipeline.forEachWithCancel(ReferencePipeline.java:127)
at java.base/java.util.stream.AbstractPipeline.copyIntoWithCancel(AbstractPipeline.java:502)
at java.base/java.util.stream.AbstractPipeline.copyInto(AbstractPipeline.java:488)
at java.base/java.util.stream.AbstractPipeline.wrapAndCopyInto(AbstractPipeline.java:474)
at java.base/java.util.stream.FindOps$FindOp.evaluateSequential(FindOps.java:150)
at java.base/java.util.stream.AbstractPipeline.evaluate(AbstractPipeline.java:234)
at java.base/java.util.stream.ReferencePipeline.findFirst(ReferencePipeline.java:543)
at org.openqa.selenium.remote.ProtocolHandshake.createSession(ProtocolHandshake.java:128)
at org.openqa.selenium.remote.ProtocolHandshake.createSession(ProtocolHandshake.java:74)
at org.openqa.selenium.remote.HttpCommandExecutor.execute(HttpCommandExecutor.java:136)
at org.openqa.selenium.remote.service.DriverCommandExecutor.execute(DriverCommandExecutor.java:83)
at org.openqa.selenium.remote.RemoteWebDriver.execute(RemoteWebDriver.java:552)
at org.openqa.selenium.remote.RemoteWebDriver.startSession(RemoteWebDriver.java:213)
at org.openqa.selenium.remote.RemoteWebDriver.<init>(RemoteWebDriver.java:131)
at org.openqa.selenium.chrome.ChromeDriver.<init>(ChromeDriver.java:181)
at org.openqa.selenium.chrome.ChromeDriver.<init>(ChromeDriver.java:168)
at org.openqa.selenium.chrome.ChromeDriver.<init>(ChromeDriver.java:123)
at resources.Base.initializeDriver(Base.java:28)
at Academy.EtoEProject.HomePage.initialize(HomePage.java:23)
... Removed 29 stack frames]]>
    </failure>
  </testcase> <!-- @BeforeTest initialize -->
  <testcase classname="Academy.EtoEProject.ValidateNavigationBar" name="@BeforeTest initialize" time="-1.601285714925E9">
    <skipped/>
  </testcase> <!-- @BeforeTest initialize -->
  <testcase classname="Academy.EtoEProject.GetTitle" name="@AfterTest teardown" time="-1.601285715154E9">
    <skipped/>
  </testcase> <!-- @AfterTest teardown -->
  <testcase classname="Academy.EtoEProject.HomePage" name="@AfterTest teardown" time="-1.601285715157E9">
    <skipped/>
  </testcase> <!-- @AfterTest teardown -->
  <testcase classname="Academy.EtoEProject.ValidateNavigationBar" name="@AfterTest teardown" time="-1.60128571516E9">
    <skipped/>
  </testcase> <!-- @AfterTest teardown -->
  <testcase classname="Academy.EtoEProject.HomePage" name="basePageNavigation" time="0.0">
    <skipped/>
  </testcase> <!-- basePageNavigation -->
  <testcase classname="Academy.EtoEProject.HomePage" name="basePageNavigation" time="0.0">
    <skipped/>
  </testcase> <!-- basePageNavigation -->
  <testcase classname="Academy.EtoEProject.GetTitle" name="pageTitle" time="0.0">
    <skipped/>
  </testcase> <!-- pageTitle -->
  <testcase classname="Academy.EtoEProject.ValidateNavigationBar" name="getNavigationBar" time="0.0">
    <skipped/>
  </testcase> <!-- getNavigationBar -->
</testsuite> <!-- Test -->
