<?xml version="1.0" encoding="UTF-8"?>
<testng-results ignored="0" total="4" passed="3" failed="1" skipped="0">
  <reporter-output>
  </reporter-output>
  <suite started-at="2020-09-30T12:22:36 IST" name="Suite" finished-at="2020-09-30T12:23:58 IST" duration-ms="82459">
    <groups>
    </groups>
    <test started-at="2020-09-30T12:22:36 IST" name="AppTest" finished-at="2020-09-30T12:22:36 IST" duration-ms="18">
    </test> <!-- AppTest -->
    <test started-at="2020-09-30T12:22:36 IST" name="validation of username" finished-at="2020-09-30T12:23:01 IST" duration-ms="24346">
      <class name="Academy.EtoEProject.HomePage">
        <test-method is-config="true" signature="initialize()[pri:0, instance:Academy.EtoEProject.HomePage@60975100]" started-at="2020-09-30T12:22:36 IST" name="initialize" finished-at="2020-09-30T12:22:40 IST" duration-ms="3969" status="PASS">
          <reporter-output>
          </reporter-output>
        </test-method> <!-- initialize -->
        <test-method signature="basePageNavigation(java.lang.String, java.lang.String, java.lang.String)[pri:0, instance:Academy.EtoEProject.HomePage@60975100]" started-at="2020-09-30T12:22:40 IST" name="basePageNavigation" data-provider="getData" finished-at="2020-09-30T12:22:58 IST" duration-ms="17848" status="PASS">
          <params>
            <param index="0">
              <value>
                <![CDATA[nonrestricteduser@gmail.com]]>
              </value>
            </param>
            <param index="1">
              <value>
                <![CDATA[1234]]>
              </value>
            </param>
            <param index="2">
              <value>
                <![CDATA[hi]]>
              </value>
            </param>
          </params>
          <reporter-output>
          </reporter-output>
        </test-method> <!-- basePageNavigation -->
        <test-method signature="basePageNavigation(java.lang.String, java.lang.String, java.lang.String)[pri:0, instance:Academy.EtoEProject.HomePage@60975100]" started-at="2020-09-30T12:22:58 IST" name="basePageNavigation" data-provider="getData" finished-at="2020-09-30T12:23:00 IST" duration-ms="2321" status="PASS">
          <params>
            <param index="0">
              <value>
                <![CDATA[restricteduser@gmail.com]]>
              </value>
            </param>
            <param index="1">
              <value>
                <![CDATA[5678]]>
              </value>
            </param>
            <param index="2">
              <value>
                <![CDATA[hello]]>
              </value>
            </param>
          </params>
          <reporter-output>
          </reporter-output>
        </test-method> <!-- basePageNavigation -->
        <test-method is-config="true" signature="teardown()[pri:0, instance:Academy.EtoEProject.HomePage@60975100]" started-at="2020-09-30T12:23:00 IST" name="teardown" finished-at="2020-09-30T12:23:01 IST" duration-ms="174" status="PASS">
          <reporter-output>
          </reporter-output>
        </test-method> <!-- teardown -->
      </class> <!-- Academy.EtoEProject.HomePage -->
    </test> <!-- validation of username -->
    <test started-at="2020-09-30T12:23:01 IST" name="validation of title" finished-at="2020-09-30T12:23:21 IST" duration-ms="20270">
      <class name="Academy.EtoEProject.GetTitle">
        <test-method is-config="true" signature="initialize()[pri:0, instance:Academy.EtoEProject.GetTitle@5cbe877d]" started-at="2020-09-30T12:23:01 IST" name="initialize" finished-at="2020-09-30T12:23:16 IST" duration-ms="15419" status="PASS">
          <reporter-output>
          </reporter-output>
        </test-method> <!-- initialize -->
        <test-method signature="pageTitle()[pri:0, instance:Academy.EtoEProject.GetTitle@5cbe877d]" started-at="2020-09-30T12:23:16 IST" name="pageTitle" finished-at="2020-09-30T12:23:16 IST" duration-ms="37" status="FAIL">
          <exception class="java.lang.AssertionError">
            <message>
              <![CDATA[expected [FEATURED COURSES123] but found [FEATURED COURSES]]]>
            </message>
            <full-stacktrace>
              <![CDATA[java.lang.AssertionError: expected [FEATURED COURSES123] but found [FEATURED COURSES]
at org.testng.Assert.fail(Assert.java:99)
at org.testng.Assert.failNotEquals(Assert.java:1037)
at org.testng.Assert.assertEqualsImpl(Assert.java:140)
at org.testng.Assert.assertEquals(Assert.java:122)
at org.testng.Assert.assertEquals(Assert.java:629)
at org.testng.Assert.assertEquals(Assert.java:639)
at Academy.EtoEProject.GetTitle.pageTitle(GetTitle.java:30)
at java.base/jdk.internal.reflect.NativeMethodAccessorImpl.invoke0(Native Method)
at java.base/jdk.internal.reflect.NativeMethodAccessorImpl.invoke(NativeMethodAccessorImpl.java:62)
at java.base/jdk.internal.reflect.DelegatingMethodAccessorImpl.invoke(DelegatingMethodAccessorImpl.java:43)
at java.base/java.lang.reflect.Method.invoke(Method.java:564)
at org.testng.internal.MethodInvocationHelper.invokeMethod(MethodInvocationHelper.java:132)
at org.testng.internal.TestInvoker.invokeMethod(TestInvoker.java:599)
at org.testng.internal.TestInvoker.invokeTestMethod(TestInvoker.java:174)
at org.testng.internal.MethodRunner.runInSequence(MethodRunner.java:46)
at org.testng.internal.TestInvoker$MethodInvocationAgent.invoke(TestInvoker.java:822)
at org.testng.internal.TestInvoker.invokeTestMethods(TestInvoker.java:147)
at org.testng.internal.TestMethodWorker.invokeTestMethods(TestMethodWorker.java:146)
at org.testng.internal.TestMethodWorker.run(TestMethodWorker.java:128)
at java.base/java.util.ArrayList.forEach(ArrayList.java:1511)
at org.testng.TestRunner.privateRun(TestRunner.java:764)
at org.testng.TestRunner.run(TestRunner.java:585)
at org.testng.SuiteRunner.runTest(SuiteRunner.java:384)
at org.testng.SuiteRunner.runSequentially(SuiteRunner.java:378)
at org.testng.SuiteRunner.privateRun(SuiteRunner.java:337)
at org.testng.SuiteRunner.run(SuiteRunner.java:286)
at org.testng.SuiteRunnerWorker.runSuite(SuiteRunnerWorker.java:53)
at org.testng.SuiteRunnerWorker.run(SuiteRunnerWorker.java:96)
at org.testng.TestNG.runSuitesSequentially(TestNG.java:1218)
at org.testng.TestNG.runSuitesLocally(TestNG.java:1140)
at org.testng.TestNG.runSuites(TestNG.java:1069)
at org.testng.TestNG.run(TestNG.java:1037)
at org.testng.remote.AbstractRemoteTestNG.run(AbstractRemoteTestNG.java:115)
at org.testng.remote.RemoteTestNG.initAndRun(RemoteTestNG.java:251)
at org.testng.remote.RemoteTestNG.main(RemoteTestNG.java:77)
]]>
            </full-stacktrace>
          </exception> <!-- java.lang.AssertionError -->
          <reporter-output>
          </reporter-output>
        </test-method> <!-- pageTitle -->
        <test-method is-config="true" signature="teardown()[pri:0, instance:Academy.EtoEProject.GetTitle@5cbe877d]" started-at="2020-09-30T12:23:17 IST" name="teardown" finished-at="2020-09-30T12:23:21 IST" duration-ms="4091" status="PASS">
          <reporter-output>
          </reporter-output>
        </test-method> <!-- teardown -->
      </class> <!-- Academy.EtoEProject.GetTitle -->
    </test> <!-- validation of title -->
    <test started-at="2020-09-30T12:23:21 IST" name="validation of navigation bar" finished-at="2020-09-30T12:23:58 IST" duration-ms="37314">
      <class name="Academy.EtoEProject.ValidateNavigationBar">
        <test-method is-config="true" signature="initialize()[pri:0, instance:Academy.EtoEProject.ValidateNavigationBar@c2db68f]" started-at="2020-09-30T12:23:21 IST" name="initialize" finished-at="2020-09-30T12:23:58 IST" duration-ms="37118" status="PASS">
          <reporter-output>
          </reporter-output>
        </test-method> <!-- initialize -->
        <test-method signature="getNavigationBar()[pri:0, instance:Academy.EtoEProject.ValidateNavigationBar@c2db68f]" started-at="2020-09-30T12:23:58 IST" name="getNavigationBar" finished-at="2020-09-30T12:23:58 IST" duration-ms="72" status="PASS">
          <reporter-output>
          </reporter-output>
        </test-method> <!-- getNavigationBar -->
        <test-method is-config="true" signature="teardown()[pri:0, instance:Academy.EtoEProject.ValidateNavigationBar@c2db68f]" started-at="2020-09-30T12:23:58 IST" name="teardown" finished-at="2020-09-30T12:23:58 IST" duration-ms="120" status="PASS">
          <reporter-output>
          </reporter-output>
        </test-method> <!-- teardown -->
      </class> <!-- Academy.EtoEProject.ValidateNavigationBar -->
    </test> <!-- validation of navigation bar -->
  </suite> <!-- Suite -->
</testng-results>
